<?xml version="1.0" encoding="UTF-8"?>
<testsuite name="org.example.web.dto.HelloResponseDtoTest" tests="1" skipped="0" failures="0" errors="0" timestamp="2020-09-21T06:57:59" hostname="DESKTOP-04DM6LL" time="0.069">
  <properties/>
  <testcase name="lombokTest" classname="org.example.web.dto.HelloResponseDtoTest" time="0.069"/>
  <system-out><![CDATA[]]></system-out>
  <system-err><![CDATA[]]></system-err>
</testsuite>
