<?xml version="1.0" encoding="UTF-8"?>
<testsuite name="org.example.web.dto.HelloResponseDtoTest" tests="1" skipped="0" failures="0" errors="0" timestamp="2020-09-20T15:06:06" hostname="edenui-MacBook-Air.local" time="0.442">
  <properties/>
  <testcase name="lombokTest" classname="org.example.web.dto.HelloResponseDtoTest" time="0.442"/>
  <system-out><![CDATA[]]></system-out>
  <system-err><![CDATA[]]></system-err>
</testsuite>
